#! /c/Source/iverilog-install/bin/vvp
:ivl_version "12.0 (devel)" "(s20150603-1539-g2693dd32b)";
:ivl_delay_selection "TYPICAL";
:vpi_time_precision - 12;
:vpi_module "C:\iverilog\lib\ivl\system.vpi";
:vpi_module "C:\iverilog\lib\ivl\vhdl_sys.vpi";
:vpi_module "C:\iverilog\lib\ivl\vhdl_textio.vpi";
:vpi_module "C:\iverilog\lib\ivl\v2005_math.vpi";
:vpi_module "C:\iverilog\lib\ivl\va_math.vpi";
S_000001e710676470 .scope module, "decoder_tb" "decoder_tb" 2 3;
 .timescale -12 -12;
v000001e710676790_0 .var "A", 1 0;
v000001e710676830_0 .var "E", 0 0;
v000001e710667440_0 .net "Y", 3 0, v000001e71062bd30_0;  1 drivers
S_000001e710676600 .scope module, "uut" "decoder" 2 9, 3 1 0, S_000001e710676470;
 .timescale 0 0;
    .port_info 0 /INPUT 2 "A";
    .port_info 1 /INPUT 1 "E";
    .port_info 2 /OUTPUT 4 "Y";
v000001e710643470_0 .net "A", 1 0, v000001e710676790_0;  1 drivers
v000001e710643690_0 .net "E", 0 0, v000001e710676830_0;  1 drivers
v000001e71062bd30_0 .var "Y", 3 0;
E_000001e71062ac90 .event anyedge, v000001e710643690_0, v000001e710643470_0;
    .scope S_000001e710676600;
T_0 ;
    %wait E_000001e71062ac90;
    %load/vec4 v000001e710643690_0;
    %cmpi/e 0, 0, 1;
    %jmp/0xz  T_0.0, 4;
    %pushi/vec4 0, 0, 4;
    %store/vec4 v000001e71062bd30_0, 0, 4;
    %jmp T_0.1;
T_0.0 ;
    %load/vec4 v000001e710643470_0;
    %cmpi/e 0, 0, 2;
    %jmp/0xz  T_0.2, 4;
    %pushi/vec4 1, 0, 4;
    %store/vec4 v000001e71062bd30_0, 0, 4;
    %jmp T_0.3;
T_0.2 ;
    %load/vec4 v000001e710643470_0;
    %cmpi/e 1, 0, 2;
    %jmp/0xz  T_0.4, 4;
    %pushi/vec4 2, 0, 4;
    %store/vec4 v000001e71062bd30_0, 0, 4;
    %jmp T_0.5;
T_0.4 ;
    %load/vec4 v000001e710643470_0;
    %cmpi/e 2, 0, 2;
    %jmp/0xz  T_0.6, 4;
    %pushi/vec4 4, 0, 4;
    %store/vec4 v000001e71062bd30_0, 0, 4;
    %jmp T_0.7;
T_0.6 ;
    %pushi/vec4 8, 0, 4;
    %store/vec4 v000001e71062bd30_0, 0, 4;
T_0.7 ;
T_0.5 ;
T_0.3 ;
T_0.1 ;
    %jmp T_0;
    .thread T_0, $push;
    .scope S_000001e710676470;
T_1 ;
    %pushi/vec4 0, 0, 1;
    %ix/load 4, 1, 0;
    %flag_set/imm 4, 0;
    %store/vec4 v000001e710676790_0, 4, 1;
    %pushi/vec4 1, 0, 1;
    %ix/load 4, 0, 0;
    %flag_set/imm 4, 0;
    %store/vec4 v000001e710676790_0, 4, 1;
    %pushi/vec4 0, 0, 1;
    %store/vec4 v000001e710676830_0, 0, 1;
    %delay 20, 0;
    %pushi/vec4 1, 0, 1;
    %store/vec4 v000001e710676830_0, 0, 1;
    %delay 20, 0;
    %pushi/vec4 0, 0, 1;
    %ix/load 4, 0, 0;
    %flag_set/imm 4, 0;
    %store/vec4 v000001e710676790_0, 4, 1;
    %delay 20, 0;
    %pushi/vec4 1, 0, 1;
    %ix/load 4, 1, 0;
    %flag_set/imm 4, 0;
    %store/vec4 v000001e710676790_0, 4, 1;
    %delay 20, 0;
    %pushi/vec4 1, 0, 1;
    %ix/load 4, 0, 0;
    %flag_set/imm 4, 0;
    %store/vec4 v000001e710676790_0, 4, 1;
    %end;
    .thread T_1;
    .scope S_000001e710676470;
T_2 ;
    %vpi_call 2 36 "$monitor", "E = %b, A1 = %b, A0 = %b || Y3 = %b, Y2 = %b, Y1 = %b, Y0 = %b", v000001e710676830_0, &PV<v000001e710676790_0, 1, 1>, &PV<v000001e710676790_0, 0, 1>, &PV<v000001e710667440_0, 3, 1>, &PV<v000001e710667440_0, 2, 1>, &PV<v000001e710667440_0, 1, 1>, &PV<v000001e710667440_0, 0, 1> {0 0 0};
    %end;
    .thread T_2;
# The file index is used to find the file name in the following table.
:file_names 4;
    "N/A";
    "<interactive>";
    "decoder_tb.v";
    "decoder.v";
