#! /c/Source/iverilog-install/bin/vvp
:ivl_version "12.0 (devel)" "(s20150603-1539-g2693dd32b)";
:ivl_delay_selection "TYPICAL";
:vpi_time_precision - 12;
:vpi_module "C:\iverilog\lib\ivl\system.vpi";
:vpi_module "C:\iverilog\lib\ivl\vhdl_sys.vpi";
:vpi_module "C:\iverilog\lib\ivl\vhdl_textio.vpi";
:vpi_module "C:\iverilog\lib\ivl\v2005_math.vpi";
:vpi_module "C:\iverilog\lib\ivl\va_math.vpi";
S_000002176782edc0 .scope module, "dff_tb" "dff_tb" 2 3;
 .timescale -9 -12;
v000002176782bd90_0 .var "clk", 0 0;
v000002176782be30_0 .var "d", 0 0;
v0000021767828820_0 .net "q", 0 0, v0000021767733300_0;  1 drivers
S_0000021767828690 .scope module, "circuit" "dff" 2 9, 3 1 0, S_000002176782edc0;
 .timescale 0 0;
    .port_info 0 /INPUT 1 "d";
    .port_info 1 /INPUT 1 "clk";
    .port_info 2 /OUTPUT 1 "q";
v0000021767733070_0 .net "clk", 0 0, v000002176782bd90_0;  1 drivers
v0000021767732e50_0 .net "d", 0 0, v000002176782be30_0;  1 drivers
v0000021767733300_0 .var "q", 0 0;
E_000002176782d100 .event posedge, v0000021767733070_0;
    .scope S_0000021767828690;
T_0 ;
    %wait E_000002176782d100;
    %load/vec4 v0000021767732e50_0;
    %assign/vec4 v0000021767733300_0, 0;
    %jmp T_0;
    .thread T_0;
    .scope S_000002176782edc0;
T_1 ;
    %load/vec4 v000002176782bd90_0;
    %inv;
    %store/vec4 v000002176782bd90_0, 0, 1;
    %delay 20000, 0;
    %jmp T_1;
    .thread T_1;
    .scope S_000002176782edc0;
T_2 ;
    %pushi/vec4 0, 0, 1;
    %assign/vec4 v000002176782bd90_0, 0;
    %pushi/vec4 0, 0, 1;
    %assign/vec4 v000002176782be30_0, 0;
    %delay 20000, 0;
    %pushi/vec4 1, 0, 1;
    %assign/vec4 v000002176782be30_0, 0;
    %delay 20000, 0;
    %vpi_call 2 24 "$finish" {0 0 0};
    %end;
    .thread T_2;
    .scope S_000002176782edc0;
T_3 ;
    %vpi_call 2 29 "$monitor", "CLK = %b, d = %b || q = %b", v000002176782bd90_0, v000002176782be30_0, v0000021767828820_0 {0 0 0};
    %end;
    .thread T_3;
# The file index is used to find the file name in the following table.
:file_names 4;
    "N/A";
    "<interactive>";
    "dff_tb.v";
    "dff.v";
