#! /c/Source/iverilog-install/bin/vvp
:ivl_version "12.0 (devel)" "(s20150603-1539-g2693dd32b)";
:ivl_delay_selection "TYPICAL";
:vpi_time_precision - 12;
:vpi_module "C:\iverilog\lib\ivl\system.vpi";
:vpi_module "C:\iverilog\lib\ivl\vhdl_sys.vpi";
:vpi_module "C:\iverilog\lib\ivl\vhdl_textio.vpi";
:vpi_module "C:\iverilog\lib\ivl\v2005_math.vpi";
:vpi_module "C:\iverilog\lib\ivl\va_math.vpi";
S_000001442eff2900 .scope module, "dff_tb" "dff_tb" 2 3;
 .timescale -9 -12;
v000001442f14c2b0_0 .var "clk", 0 0;
v000001442f072420_0 .var "d", 0 0;
v000001442f0724c0_0 .var "en", 0 0;
v000001442f072560_0 .net "q", 0 0, v000001442f14c030_0;  1 drivers
v000001442f072600_0 .var "reset", 0 0;
S_000001442eff2a90 .scope module, "circuit" "dff" 2 11, 3 1 0, S_000001442eff2900;
 .timescale 0 0;
    .port_info 0 /INPUT 1 "reset";
    .port_info 1 /INPUT 1 "clk";
    .port_info 2 /INPUT 1 "en";
    .port_info 3 /INPUT 1 "d";
    .port_info 4 /OUTPUT 1 "q";
v000001442eff3070_0 .net "clk", 0 0, v000001442f14c2b0_0;  1 drivers
v000001442f0246b0_0 .net "d", 0 0, v000001442f072420_0;  1 drivers
v000001442f024750_0 .net "en", 0 0, v000001442f0724c0_0;  1 drivers
v000001442f14c030_0 .var "q", 0 0;
v000001442f14c0d0_0 .var "r_next", 0 0;
v000001442f14c170_0 .var "r_reg", 0 0;
v000001442f14c210_0 .net "reset", 0 0, v000001442f072600_0;  1 drivers
E_000001442f14adc0 .event anyedge, v000001442f14c170_0;
E_000001442f14b180 .event anyedge, v000001442f024750_0, v000001442f0246b0_0, v000001442f14c170_0;
E_000001442f14aa40 .event posedge, v000001442eff3070_0, v000001442f14c210_0;
    .scope S_000001442eff2a90;
T_0 ;
    %wait E_000001442f14aa40;
    %load/vec4 v000001442f14c210_0;
    %flag_set/vec4 8;
    %jmp/0xz  T_0.0, 8;
    %pushi/vec4 0, 0, 1;
    %assign/vec4 v000001442f14c170_0, 0;
    %jmp T_0.1;
T_0.0 ;
    %load/vec4 v000001442f14c0d0_0;
    %assign/vec4 v000001442f14c170_0, 0;
T_0.1 ;
    %jmp T_0;
    .thread T_0;
    .scope S_000001442eff2a90;
T_1 ;
    %wait E_000001442f14b180;
    %load/vec4 v000001442f024750_0;
    %flag_set/vec4 8;
    %jmp/0xz  T_1.0, 8;
    %load/vec4 v000001442f0246b0_0;
    %assign/vec4 v000001442f14c0d0_0, 0;
    %jmp T_1.1;
T_1.0 ;
    %load/vec4 v000001442f14c170_0;
    %assign/vec4 v000001442f14c0d0_0, 0;
T_1.1 ;
    %jmp T_1;
    .thread T_1, $push;
    .scope S_000001442eff2a90;
T_2 ;
    %wait E_000001442f14adc0;
    %load/vec4 v000001442f14c170_0;
    %store/vec4 v000001442f14c030_0, 0, 1;
    %jmp T_2;
    .thread T_2, $push;
    .scope S_000001442eff2900;
T_3 ;
    %load/vec4 v000001442f14c2b0_0;
    %inv;
    %store/vec4 v000001442f14c2b0_0, 0, 1;
    %delay 10000, 0;
    %jmp T_3;
    .thread T_3;
    .scope S_000001442eff2900;
T_4 ;
    %pushi/vec4 1, 0, 1;
    %assign/vec4 v000001442f072600_0, 0;
    %pushi/vec4 0, 0, 1;
    %assign/vec4 v000001442f072420_0, 0;
    %pushi/vec4 0, 0, 1;
    %assign/vec4 v000001442f0724c0_0, 0;
    %pushi/vec4 0, 0, 1;
    %assign/vec4 v000001442f14c2b0_0, 0;
    %delay 20000, 0;
    %pushi/vec4 0, 0, 1;
    %assign/vec4 v000001442f072600_0, 0;
    %pushi/vec4 1, 0, 1;
    %assign/vec4 v000001442f0724c0_0, 0;
    %pushi/vec4 1, 0, 1;
    %assign/vec4 v000001442f072420_0, 0;
    %delay 20000, 0;
    %vpi_call 2 33 "$finish" {0 0 0};
    %end;
    .thread T_4;
    .scope S_000001442eff2900;
T_5 ;
    %vpi_call 2 38 "$monitor", "reset = %b, en = %b, clk = %b, d = %b || q = %b", v000001442f072600_0, v000001442f0724c0_0, v000001442f14c2b0_0, v000001442f072420_0, v000001442f072560_0 {0 0 0};
    %end;
    .thread T_5;
# The file index is used to find the file name in the following table.
:file_names 4;
    "N/A";
    "<interactive>";
    "dff_tb.v";
    "dff.v";
