#! /c/Source/iverilog-install/bin/vvp
:ivl_version "12.0 (devel)" "(s20150603-1539-g2693dd32b)";
:ivl_delay_selection "TYPICAL";
:vpi_time_precision - 12;
:vpi_module "C:\iverilog\lib\ivl\system.vpi";
:vpi_module "C:\iverilog\lib\ivl\vhdl_sys.vpi";
:vpi_module "C:\iverilog\lib\ivl\vhdl_textio.vpi";
:vpi_module "C:\iverilog\lib\ivl\v2005_math.vpi";
:vpi_module "C:\iverilog\lib\ivl\va_math.vpi";
S_000002527d4e64c0 .scope module, "demult_tb" "demult_tb" 2 3;
 .timescale -9 -12;
v000002527d62bd40_0 .var "I", 0 0;
v000002527d4e67e0_0 .var "S", 1 0;
v000002527d4e6880_0 .net "Y", 3 0, v000002527d4b36b0_0;  1 drivers
S_000002527d4e6650 .scope module, "uut" "demultiplexer" 2 9, 3 1 0, S_000002527d4e64c0;
 .timescale 0 0;
    .port_info 0 /INPUT 1 "I";
    .port_info 1 /INPUT 2 "S";
    .port_info 2 /OUTPUT 4 "Y";
v000002527d4b3340_0 .net "I", 0 0, v000002527d62bd40_0;  1 drivers
v000002527d4b30e0_0 .net "S", 1 0, v000002527d4e67e0_0;  1 drivers
v000002527d4b36b0_0 .var "Y", 3 0;
E_000002527d62b170 .event anyedge, v000002527d4b30e0_0, v000002527d4b3340_0;
    .scope S_000002527d4e6650;
T_0 ;
    %wait E_000002527d62b170;
    %pushi/vec4 0, 0, 4;
    %store/vec4 v000002527d4b36b0_0, 0, 4;
    %load/vec4 v000002527d4b30e0_0;
    %cmpi/e 0, 0, 2;
    %jmp/0xz  T_0.0, 4;
    %load/vec4 v000002527d4b3340_0;
    %ix/load 4, 0, 0;
    %flag_set/imm 4, 0;
    %store/vec4 v000002527d4b36b0_0, 4, 1;
    %jmp T_0.1;
T_0.0 ;
    %load/vec4 v000002527d4b30e0_0;
    %cmpi/e 1, 0, 2;
    %jmp/0xz  T_0.2, 4;
    %load/vec4 v000002527d4b3340_0;
    %ix/load 4, 1, 0;
    %flag_set/imm 4, 0;
    %store/vec4 v000002527d4b36b0_0, 4, 1;
    %jmp T_0.3;
T_0.2 ;
    %load/vec4 v000002527d4b30e0_0;
    %cmpi/e 2, 0, 2;
    %jmp/0xz  T_0.4, 4;
    %load/vec4 v000002527d4b3340_0;
    %ix/load 4, 2, 0;
    %flag_set/imm 4, 0;
    %store/vec4 v000002527d4b36b0_0, 4, 1;
    %jmp T_0.5;
T_0.4 ;
    %load/vec4 v000002527d4b3340_0;
    %ix/load 4, 3, 0;
    %flag_set/imm 4, 0;
    %store/vec4 v000002527d4b36b0_0, 4, 1;
T_0.5 ;
T_0.3 ;
T_0.1 ;
    %jmp T_0;
    .thread T_0, $push;
    .scope S_000002527d4e64c0;
T_1 ;
    %pushi/vec4 0, 0, 2;
    %store/vec4 v000002527d4e67e0_0, 0, 2;
    %pushi/vec4 0, 0, 1;
    %store/vec4 v000002527d62bd40_0, 0, 1;
    %delay 20000, 0;
    %pushi/vec4 1, 0, 1;
    %store/vec4 v000002527d62bd40_0, 0, 1;
    %delay 20000, 0;
    %pushi/vec4 1, 0, 2;
    %store/vec4 v000002527d4e67e0_0, 0, 2;
    %delay 20000, 0;
    %pushi/vec4 2, 0, 2;
    %store/vec4 v000002527d4e67e0_0, 0, 2;
    %delay 20000, 0;
    %pushi/vec4 3, 0, 2;
    %store/vec4 v000002527d4e67e0_0, 0, 2;
    %end;
    .thread T_1;
    .scope S_000002527d4e64c0;
T_2 ;
    %vpi_call 2 34 "$monitor", "S1 = %b, S0 = %b, I = %b || Y3 = %b, Y2 = %b, Y1 = %b, Y0 = %b", &PV<v000002527d4e67e0_0, 1, 1>, &PV<v000002527d4e67e0_0, 0, 1>, v000002527d62bd40_0, &PV<v000002527d4e6880_0, 3, 1>, &PV<v000002527d4e6880_0, 2, 1>, &PV<v000002527d4e6880_0, 1, 1>, &PV<v000002527d4e6880_0, 0, 1> {0 0 0};
    %end;
    .thread T_2;
# The file index is used to find the file name in the following table.
:file_names 4;
    "N/A";
    "<interactive>";
    "demult_tb.v";
    "demult.v";
