#! /c/Source/iverilog-install/bin/vvp
:ivl_version "12.0 (devel)" "(s20150603-1539-g2693dd32b)";
:ivl_delay_selection "TYPICAL";
:vpi_time_precision - 12;
:vpi_module "C:\iverilog\lib\ivl\system.vpi";
:vpi_module "C:\iverilog\lib\ivl\vhdl_sys.vpi";
:vpi_module "C:\iverilog\lib\ivl\vhdl_textio.vpi";
:vpi_module "C:\iverilog\lib\ivl\v2005_math.vpi";
:vpi_module "C:\iverilog\lib\ivl\va_math.vpi";
S_0000020e6d41bc40 .scope module, "sample_tb" "sample_tb" 2 3;
 .timescale -9 -12;
v0000020e6d41b540_0 .var "A", 4 0;
v0000020e6d41b5e0_0 .var "B", 4 0;
v0000020e6d41b680_0 .var "S", 1 0;
v0000020e6d41ceb0_0 .net "Y", 4 0, v0000020e6d41b4a0_0;  1 drivers
S_0000020e6d41b310 .scope module, "uut" "sample" 2 10, 3 1 0, S_0000020e6d41bc40;
 .timescale 0 0;
    .port_info 0 /INPUT 2 "S";
    .port_info 1 /INPUT 5 "A";
    .port_info 2 /INPUT 5 "B";
    .port_info 3 /OUTPUT 5 "Y";
v0000020e6d433370_0 .net "A", 4 0, v0000020e6d41b540_0;  1 drivers
v0000020e6d432fe0_0 .net "B", 4 0, v0000020e6d41b5e0_0;  1 drivers
v0000020e6d41bdd0_0 .net "S", 1 0, v0000020e6d41b680_0;  1 drivers
v0000020e6d41b4a0_0 .var "Y", 4 0;
E_0000020e6d419e50 .event anyedge, v0000020e6d41bdd0_0, v0000020e6d433370_0, v0000020e6d432fe0_0;
    .scope S_0000020e6d41b310;
T_0 ;
    %wait E_0000020e6d419e50;
    %load/vec4 v0000020e6d41bdd0_0;
    %cmpi/e 3, 0, 2;
    %jmp/0xz  T_0.0, 4;
    %load/vec4 v0000020e6d433370_0;
    %load/vec4 v0000020e6d432fe0_0;
    %or;
    %store/vec4 v0000020e6d41b4a0_0, 0, 5;
    %jmp T_0.1;
T_0.0 ;
    %load/vec4 v0000020e6d41bdd0_0;
    %cmpi/e 2, 0, 2;
    %jmp/0xz  T_0.2, 4;
    %load/vec4 v0000020e6d433370_0;
    %ix/getv 4, v0000020e6d432fe0_0;
    %shiftl 4;
    %store/vec4 v0000020e6d41b4a0_0, 0, 5;
    %jmp T_0.3;
T_0.2 ;
    %load/vec4 v0000020e6d41bdd0_0;
    %cmpi/e 1, 0, 2;
    %jmp/0xz  T_0.4, 4;
    %load/vec4 v0000020e6d433370_0;
    %ix/getv 4, v0000020e6d432fe0_0;
    %shiftr 4;
    %store/vec4 v0000020e6d41b4a0_0, 0, 5;
    %jmp T_0.5;
T_0.4 ;
    %load/vec4 v0000020e6d432fe0_0;
    %store/vec4 v0000020e6d41b4a0_0, 0, 5;
T_0.5 ;
T_0.3 ;
T_0.1 ;
    %jmp T_0;
    .thread T_0, $push;
    .scope S_0000020e6d41bc40;
T_1 ;
    %pushi/vec4 5, 0, 5;
    %store/vec4 v0000020e6d41b540_0, 0, 5;
    %pushi/vec4 10, 0, 5;
    %store/vec4 v0000020e6d41b5e0_0, 0, 5;
    %pushi/vec4 0, 0, 2;
    %store/vec4 v0000020e6d41b680_0, 0, 2;
    %delay 20000, 0;
    %pushi/vec4 1, 0, 2;
    %store/vec4 v0000020e6d41b680_0, 0, 2;
    %delay 20000, 0;
    %pushi/vec4 2, 0, 2;
    %store/vec4 v0000020e6d41b680_0, 0, 2;
    %delay 20000, 0;
    %pushi/vec4 3, 0, 2;
    %store/vec4 v0000020e6d41b680_0, 0, 2;
    %end;
    .thread T_1;
    .scope S_0000020e6d41bc40;
T_2 ;
    %vpi_call 2 38 "$monitor", "S = %b, A = %b, B = %b || Y = %b", v0000020e6d41b680_0, v0000020e6d41b540_0, v0000020e6d41b5e0_0, v0000020e6d41ceb0_0 {0 0 0};
    %end;
    .thread T_2;
# The file index is used to find the file name in the following table.
:file_names 4;
    "N/A";
    "<interactive>";
    "sample_tb.v";
    "sample.v";
