#! /c/Source/iverilog-install/bin/vvp
:ivl_version "12.0 (devel)" "(s20150603-1539-g2693dd32b)";
:ivl_delay_selection "TYPICAL";
:vpi_time_precision - 12;
:vpi_module "C:\iverilog\lib\ivl\system.vpi";
:vpi_module "C:\iverilog\lib\ivl\vhdl_sys.vpi";
:vpi_module "C:\iverilog\lib\ivl\vhdl_textio.vpi";
:vpi_module "C:\iverilog\lib\ivl\v2005_math.vpi";
:vpi_module "C:\iverilog\lib\ivl\va_math.vpi";
S_00000284ef3dbae0 .scope module, "register_tb" "register_tb" 2 3;
 .timescale -9 -12;
v00000284ef6730a0_0 .var "clk", 0 0;
v00000284ef696840_0 .var "d", 6 0;
v00000284ef6968e0_0 .var "en", 0 0;
v00000284ef696980_0 .net "q", 6 0, v00000284ef672e20_0;  1 drivers
v00000284ef696a20_0 .var "reset", 0 0;
S_00000284ef3dbc70 .scope module, "cicuit" "register" 2 11, 3 1 0, S_00000284ef3dbae0;
 .timescale 0 0;
    .port_info 0 /INPUT 1 "reset";
    .port_info 1 /INPUT 1 "clk";
    .port_info 2 /INPUT 1 "en";
    .port_info 3 /INPUT 7 "d";
    .port_info 4 /OUTPUT 7 "q";
v00000284ef673340_0 .net "clk", 0 0, v00000284ef6730a0_0;  1 drivers
v00000284ef672ce0_0 .net "d", 6 0, v00000284ef696840_0;  1 drivers
v00000284ef672d80_0 .net "en", 0 0, v00000284ef6968e0_0;  1 drivers
v00000284ef672e20_0 .var "q", 6 0;
v00000284ef672ec0_0 .var "q_next", 6 0;
v00000284ef672f60_0 .var "q_reg", 6 0;
v00000284ef673000_0 .net "reset", 0 0, v00000284ef696a20_0;  1 drivers
E_00000284ef3d9380 .event anyedge, v00000284ef672f60_0;
E_00000284ef3d9240 .event anyedge, v00000284ef672d80_0, v00000284ef672ce0_0, v00000284ef672f60_0;
E_00000284ef3d8b80 .event posedge, v00000284ef673340_0, v00000284ef673000_0;
    .scope S_00000284ef3dbc70;
T_0 ;
    %wait E_00000284ef3d8b80;
    %load/vec4 v00000284ef673000_0;
    %flag_set/vec4 8;
    %jmp/0xz  T_0.0, 8;
    %pushi/vec4 0, 0, 7;
    %assign/vec4 v00000284ef672f60_0, 0;
    %jmp T_0.1;
T_0.0 ;
    %load/vec4 v00000284ef672d80_0;
    %flag_set/vec4 8;
    %jmp/0xz  T_0.2, 8;
    %load/vec4 v00000284ef672ec0_0;
    %assign/vec4 v00000284ef672f60_0, 0;
T_0.2 ;
T_0.1 ;
    %jmp T_0;
    .thread T_0;
    .scope S_00000284ef3dbc70;
T_1 ;
    %wait E_00000284ef3d9240;
    %load/vec4 v00000284ef672d80_0;
    %flag_set/vec4 8;
    %jmp/0xz  T_1.0, 8;
    %load/vec4 v00000284ef672ce0_0;
    %assign/vec4 v00000284ef672ec0_0, 0;
    %jmp T_1.1;
T_1.0 ;
    %load/vec4 v00000284ef672f60_0;
    %assign/vec4 v00000284ef672ec0_0, 0;
T_1.1 ;
    %jmp T_1;
    .thread T_1, $push;
    .scope S_00000284ef3dbc70;
T_2 ;
    %wait E_00000284ef3d9380;
    %load/vec4 v00000284ef672f60_0;
    %assign/vec4 v00000284ef672e20_0, 0;
    %jmp T_2;
    .thread T_2, $push;
    .scope S_00000284ef3dbae0;
T_3 ;
    %load/vec4 v00000284ef6730a0_0;
    %inv;
    %store/vec4 v00000284ef6730a0_0, 0, 1;
    %delay 10000, 0;
    %jmp T_3;
    .thread T_3;
    .scope S_00000284ef3dbae0;
T_4 ;
    %pushi/vec4 1, 0, 1;
    %assign/vec4 v00000284ef696a20_0, 0;
    %pushi/vec4 0, 0, 1;
    %assign/vec4 v00000284ef6730a0_0, 0;
    %pushi/vec4 0, 0, 7;
    %assign/vec4 v00000284ef696840_0, 0;
    %pushi/vec4 0, 0, 1;
    %assign/vec4 v00000284ef6968e0_0, 0;
    %delay 20000, 0;
    %pushi/vec4 0, 0, 1;
    %assign/vec4 v00000284ef696a20_0, 0;
    %pushi/vec4 7, 0, 7;
    %assign/vec4 v00000284ef696840_0, 0;
    %pushi/vec4 1, 0, 1;
    %assign/vec4 v00000284ef6968e0_0, 0;
    %delay 20000, 0;
    %vpi_call 2 31 "$finish" {0 0 0};
    %end;
    .thread T_4;
    .scope S_00000284ef3dbae0;
T_5 ;
    %vpi_call 2 36 "$monitor", "reset = %b, clk = %b, en = %b, d = %b || q = %b", v00000284ef696a20_0, v00000284ef6730a0_0, v00000284ef6968e0_0, v00000284ef696840_0, v00000284ef696980_0 {0 0 0};
    %end;
    .thread T_5;
# The file index is used to find the file name in the following table.
:file_names 4;
    "N/A";
    "<interactive>";
    "register_tb.v";
    "register.v";
