#! /c/Source/iverilog-install/bin/vvp
:ivl_version "12.0 (devel)" "(s20150603-1539-g2693dd32b)";
:ivl_delay_selection "TYPICAL";
:vpi_time_precision - 12;
:vpi_module "C:\iverilog\lib\ivl\system.vpi";
:vpi_module "C:\iverilog\lib\ivl\vhdl_sys.vpi";
:vpi_module "C:\iverilog\lib\ivl\vhdl_textio.vpi";
:vpi_module "C:\iverilog\lib\ivl\v2005_math.vpi";
:vpi_module "C:\iverilog\lib\ivl\va_math.vpi";
S_000001ab2cf45f40 .scope module, "encoder_tb" "encoder_tb" 2 3;
 .timescale -9 -12;
v000001ab2cf13330_0 .net "A", 1 0, v000001ab2cf12fc0_0;  1 drivers
v000001ab2d02b760_0 .var "Y", 3 0;
S_000001ab2cf460d0 .scope module, "uut" "encoder" 2 8, 3 1 0, S_000001ab2cf45f40;
 .timescale 0 0;
    .port_info 0 /INPUT 4 "Y";
    .port_info 1 /OUTPUT 2 "A";
v000001ab2cf12fc0_0 .var "A", 1 0;
v000001ab2cf12bf0_0 .net "Y", 3 0, v000001ab2d02b760_0;  1 drivers
E_000001ab2d02a7a0 .event anyedge, v000001ab2cf12bf0_0;
    .scope S_000001ab2cf460d0;
T_0 ;
    %wait E_000001ab2d02a7a0;
    %pushi/vec4 1, 0, 32;
    %dup/vec4;
    %load/vec4 v000001ab2cf12bf0_0;
    %parti/s 1, 3, 3;
    %pad/u 32;
    %cmp/u;
    %jmp/1 T_0.0, 6;
    %dup/vec4;
    %load/vec4 v000001ab2cf12bf0_0;
    %parti/s 1, 2, 3;
    %pad/u 32;
    %cmp/u;
    %jmp/1 T_0.1, 6;
    %dup/vec4;
    %load/vec4 v000001ab2cf12bf0_0;
    %parti/s 1, 1, 2;
    %pad/u 32;
    %cmp/u;
    %jmp/1 T_0.2, 6;
    %dup/vec4;
    %load/vec4 v000001ab2cf12bf0_0;
    %parti/s 1, 0, 2;
    %pad/u 32;
    %cmp/u;
    %jmp/1 T_0.3, 6;
    %pushi/vec4 0, 0, 2;
    %store/vec4 v000001ab2cf12fc0_0, 0, 2;
    %jmp T_0.5;
T_0.0 ;
    %pushi/vec4 3, 0, 2;
    %store/vec4 v000001ab2cf12fc0_0, 0, 2;
    %jmp T_0.5;
T_0.1 ;
    %pushi/vec4 2, 0, 2;
    %store/vec4 v000001ab2cf12fc0_0, 0, 2;
    %jmp T_0.5;
T_0.2 ;
    %pushi/vec4 1, 0, 2;
    %store/vec4 v000001ab2cf12fc0_0, 0, 2;
    %jmp T_0.5;
T_0.3 ;
    %pushi/vec4 0, 0, 2;
    %store/vec4 v000001ab2cf12fc0_0, 0, 2;
    %jmp T_0.5;
T_0.5 ;
    %pop/vec4 1;
    %jmp T_0;
    .thread T_0, $push;
    .scope S_000001ab2cf45f40;
T_1 ;
    %pushi/vec4 0, 0, 1;
    %ix/load 4, 3, 0;
    %flag_set/imm 4, 0;
    %store/vec4 v000001ab2d02b760_0, 4, 1;
    %pushi/vec4 0, 0, 1;
    %ix/load 4, 2, 0;
    %flag_set/imm 4, 0;
    %store/vec4 v000001ab2d02b760_0, 4, 1;
    %pushi/vec4 0, 0, 1;
    %ix/load 4, 1, 0;
    %flag_set/imm 4, 0;
    %store/vec4 v000001ab2d02b760_0, 4, 1;
    %pushi/vec4 1, 0, 1;
    %ix/load 4, 0, 0;
    %flag_set/imm 4, 0;
    %store/vec4 v000001ab2d02b760_0, 4, 1;
    %delay 20000, 0;
    %pushi/vec4 1, 0, 1;
    %ix/load 4, 1, 0;
    %flag_set/imm 4, 0;
    %store/vec4 v000001ab2d02b760_0, 4, 1;
    %pushi/vec4 0, 0, 1;
    %ix/load 4, 0, 0;
    %flag_set/imm 4, 0;
    %store/vec4 v000001ab2d02b760_0, 4, 1;
    %delay 20000, 0;
    %pushi/vec4 1, 0, 1;
    %ix/load 4, 2, 0;
    %flag_set/imm 4, 0;
    %store/vec4 v000001ab2d02b760_0, 4, 1;
    %pushi/vec4 0, 0, 1;
    %ix/load 4, 1, 0;
    %flag_set/imm 4, 0;
    %store/vec4 v000001ab2d02b760_0, 4, 1;
    %delay 20000, 0;
    %pushi/vec4 1, 0, 1;
    %ix/load 4, 3, 0;
    %flag_set/imm 4, 0;
    %store/vec4 v000001ab2d02b760_0, 4, 1;
    %pushi/vec4 0, 0, 1;
    %ix/load 4, 2, 0;
    %flag_set/imm 4, 0;
    %store/vec4 v000001ab2d02b760_0, 4, 1;
    %delay 20000, 0;
    %pushi/vec4 1, 0, 1;
    %ix/load 4, 3, 0;
    %flag_set/imm 4, 0;
    %store/vec4 v000001ab2d02b760_0, 4, 1;
    %pushi/vec4 0, 0, 1;
    %ix/load 4, 2, 0;
    %flag_set/imm 4, 0;
    %store/vec4 v000001ab2d02b760_0, 4, 1;
    %pushi/vec4 1, 0, 1;
    %ix/load 4, 1, 0;
    %flag_set/imm 4, 0;
    %store/vec4 v000001ab2d02b760_0, 4, 1;
    %pushi/vec4 0, 0, 1;
    %ix/load 4, 0, 0;
    %flag_set/imm 4, 0;
    %store/vec4 v000001ab2d02b760_0, 4, 1;
    %end;
    .thread T_1;
    .scope S_000001ab2cf45f40;
T_2 ;
    %vpi_call 2 43 "$monitor", "Y3 = %b, Y2 = %b, Y1 = %b, Y0 = %b || A1 = %b, A0 = %b", &PV<v000001ab2d02b760_0, 3, 1>, &PV<v000001ab2d02b760_0, 2, 1>, &PV<v000001ab2d02b760_0, 1, 1>, &PV<v000001ab2d02b760_0, 0, 1>, &PV<v000001ab2cf13330_0, 1, 1>, &PV<v000001ab2cf13330_0, 0, 1> {0 0 0};
    %end;
    .thread T_2;
# The file index is used to find the file name in the following table.
:file_names 4;
    "N/A";
    "<interactive>";
    "pencoder_tb.v";
    "pencoder.v";
