#! /c/Source/iverilog-install/bin/vvp
:ivl_version "12.0 (devel)" "(s20150603-1539-g2693dd32b)";
:ivl_delay_selection "TYPICAL";
:vpi_time_precision - 12;
:vpi_module "C:\iverilog\lib\ivl\system.vpi";
:vpi_module "C:\iverilog\lib\ivl\vhdl_sys.vpi";
:vpi_module "C:\iverilog\lib\ivl\vhdl_textio.vpi";
:vpi_module "C:\iverilog\lib\ivl\v2005_math.vpi";
:vpi_module "C:\iverilog\lib\ivl\va_math.vpi";
S_0000029f79a36080 .scope module, "multiplexer_tb" "multiplexer_tb" 2 3;
 .timescale -9 -12;
v0000029f79a36440_0 .var "I", 3 0;
v0000029f79a027f0_0 .var "S", 1 0;
v0000029f79a02890_0 .net "Y", 0 0, v0000029f79a363a0_0;  1 drivers
S_0000029f79a36210 .scope module, "uut" "multiplexer" 2 9, 3 1 0, S_0000029f79a36080;
 .timescale 0 0;
    .port_info 0 /INPUT 2 "S";
    .port_info 1 /INPUT 4 "I";
    .port_info 2 /OUTPUT 1 "Y";
v0000029f79a03350_0 .net "I", 3 0, v0000029f79a36440_0;  1 drivers
v0000029f79a02fc0_0 .net "S", 1 0, v0000029f79a027f0_0;  1 drivers
v0000029f79a363a0_0 .var "Y", 0 0;
E_0000029f79978ad0 .event anyedge, v0000029f79a02fc0_0, v0000029f79a03350_0;
    .scope S_0000029f79a36210;
T_0 ;
    %wait E_0000029f79978ad0;
    %load/vec4 v0000029f79a02fc0_0;
    %dup/vec4;
    %pushi/vec4 0, 0, 2;
    %cmp/u;
    %jmp/1 T_0.0, 6;
    %dup/vec4;
    %pushi/vec4 1, 0, 2;
    %cmp/u;
    %jmp/1 T_0.1, 6;
    %dup/vec4;
    %pushi/vec4 2, 0, 2;
    %cmp/u;
    %jmp/1 T_0.2, 6;
    %dup/vec4;
    %pushi/vec4 3, 0, 2;
    %cmp/u;
    %jmp/1 T_0.3, 6;
    %pushi/vec4 0, 0, 1;
    %store/vec4 v0000029f79a363a0_0, 0, 1;
    %jmp T_0.5;
T_0.0 ;
    %load/vec4 v0000029f79a03350_0;
    %parti/s 1, 0, 2;
    %store/vec4 v0000029f79a363a0_0, 0, 1;
    %jmp T_0.5;
T_0.1 ;
    %load/vec4 v0000029f79a03350_0;
    %parti/s 1, 1, 2;
    %store/vec4 v0000029f79a363a0_0, 0, 1;
    %jmp T_0.5;
T_0.2 ;
    %load/vec4 v0000029f79a03350_0;
    %parti/s 1, 2, 3;
    %store/vec4 v0000029f79a363a0_0, 0, 1;
    %jmp T_0.5;
T_0.3 ;
    %load/vec4 v0000029f79a03350_0;
    %parti/s 1, 3, 3;
    %store/vec4 v0000029f79a363a0_0, 0, 1;
    %jmp T_0.5;
T_0.5 ;
    %pop/vec4 1;
    %jmp T_0;
    .thread T_0, $push;
    .scope S_0000029f79a36080;
T_1 ;
    %pushi/vec4 0, 0, 2;
    %store/vec4 v0000029f79a027f0_0, 0, 2;
    %pushi/vec4 0, 0, 4;
    %store/vec4 v0000029f79a36440_0, 0, 4;
    %delay 20000, 0;
    %pushi/vec4 1, 0, 1;
    %ix/load 4, 0, 0;
    %flag_set/imm 4, 0;
    %store/vec4 v0000029f79a36440_0, 4, 1;
    %delay 20000, 0;
    %pushi/vec4 1, 0, 2;
    %store/vec4 v0000029f79a027f0_0, 0, 2;
    %pushi/vec4 0, 0, 4;
    %store/vec4 v0000029f79a36440_0, 0, 4;
    %delay 20000, 0;
    %pushi/vec4 1, 0, 1;
    %ix/load 4, 1, 0;
    %flag_set/imm 4, 0;
    %store/vec4 v0000029f79a36440_0, 4, 1;
    %delay 20000, 0;
    %pushi/vec4 3, 0, 2;
    %store/vec4 v0000029f79a027f0_0, 0, 2;
    %pushi/vec4 1, 0, 1;
    %ix/load 4, 3, 0;
    %flag_set/imm 4, 0;
    %store/vec4 v0000029f79a36440_0, 4, 1;
    %pushi/vec4 0, 0, 1;
    %ix/load 4, 0, 0;
    %flag_set/imm 4, 0;
    %store/vec4 v0000029f79a36440_0, 4, 1;
    %end;
    .thread T_1;
    .scope S_0000029f79a36080;
T_2 ;
    %vpi_call 2 38 "$monitor", "S1 = %b, S0 = %b, I3 = %b, I2 = %b, I1 = %b, I0 = %b || Y = %b", &PV<v0000029f79a027f0_0, 1, 1>, &PV<v0000029f79a027f0_0, 0, 1>, &PV<v0000029f79a36440_0, 3, 1>, &PV<v0000029f79a36440_0, 2, 1>, &PV<v0000029f79a36440_0, 1, 1>, &PV<v0000029f79a36440_0, 0, 1>, v0000029f79a02890_0 {0 0 0};
    %end;
    .thread T_2;
# The file index is used to find the file name in the following table.
:file_names 4;
    "N/A";
    "<interactive>";
    "multi_tb.v";
    "multi.v";
