#! /c/Source/iverilog-install/bin/vvp
:ivl_version "12.0 (devel)" "(s20150603-1539-g2693dd32b)";
:ivl_delay_selection "TYPICAL";
:vpi_time_precision - 12;
:vpi_module "C:\iverilog\lib\ivl\system.vpi";
:vpi_module "C:\iverilog\lib\ivl\vhdl_sys.vpi";
:vpi_module "C:\iverilog\lib\ivl\vhdl_textio.vpi";
:vpi_module "C:\iverilog\lib\ivl\v2005_math.vpi";
:vpi_module "C:\iverilog\lib\ivl\va_math.vpi";
S_000001b6cc1260b0 .scope module, "register_tb" "register_tb" 2 3;
 .timescale -9 -12;
v000001b6cc0f2a70_0 .var "clk", 0 0;
v000001b6cc0f2b10_0 .var "d", 6 0;
v000001b6cc0f2bb0_0 .var "en", 0 0;
v000001b6cbf6b980_0 .net "q", 6 0, v000001b6cc0f2930_0;  1 drivers
v000001b6cbf6ba20_0 .var "reset", 0 0;
S_000001b6cc126240 .scope module, "cicuit" "register" 2 11, 3 1 0, S_000001b6cc1260b0;
 .timescale 0 0;
    .port_info 0 /INPUT 1 "reset";
    .port_info 1 /INPUT 1 "clk";
    .port_info 2 /INPUT 1 "en";
    .port_info 3 /INPUT 7 "d";
    .port_info 4 /OUTPUT 7 "q";
v000001b6cc0f2e70_0 .net "clk", 0 0, v000001b6cc0f2a70_0;  1 drivers
v000001b6cc0f27f0_0 .net "d", 6 0, v000001b6cc0f2b10_0;  1 drivers
v000001b6cc0f2890_0 .net "en", 0 0, v000001b6cc0f2bb0_0;  1 drivers
v000001b6cc0f2930_0 .var "q", 6 0;
v000001b6cc0f29d0_0 .net "reset", 0 0, v000001b6cbf6ba20_0;  1 drivers
E_000001b6cc115620 .event posedge, v000001b6cc0f2e70_0, v000001b6cc0f29d0_0;
    .scope S_000001b6cc126240;
T_0 ;
    %wait E_000001b6cc115620;
    %load/vec4 v000001b6cc0f29d0_0;
    %flag_set/vec4 8;
    %jmp/0xz  T_0.0, 8;
    %pushi/vec4 0, 0, 7;
    %assign/vec4 v000001b6cc0f2930_0, 0;
    %jmp T_0.1;
T_0.0 ;
    %load/vec4 v000001b6cc0f2890_0;
    %flag_set/vec4 8;
    %jmp/0xz  T_0.2, 8;
    %load/vec4 v000001b6cc0f27f0_0;
    %assign/vec4 v000001b6cc0f2930_0, 0;
T_0.2 ;
T_0.1 ;
    %jmp T_0;
    .thread T_0;
    .scope S_000001b6cc1260b0;
T_1 ;
    %load/vec4 v000001b6cc0f2a70_0;
    %inv;
    %store/vec4 v000001b6cc0f2a70_0, 0, 1;
    %delay 10000, 0;
    %jmp T_1;
    .thread T_1;
    .scope S_000001b6cc1260b0;
T_2 ;
    %pushi/vec4 1, 0, 1;
    %assign/vec4 v000001b6cbf6ba20_0, 0;
    %pushi/vec4 0, 0, 1;
    %assign/vec4 v000001b6cc0f2a70_0, 0;
    %pushi/vec4 0, 0, 7;
    %assign/vec4 v000001b6cc0f2b10_0, 0;
    %pushi/vec4 0, 0, 1;
    %assign/vec4 v000001b6cc0f2bb0_0, 0;
    %delay 20000, 0;
    %pushi/vec4 0, 0, 1;
    %assign/vec4 v000001b6cbf6ba20_0, 0;
    %pushi/vec4 7, 0, 7;
    %assign/vec4 v000001b6cc0f2b10_0, 0;
    %pushi/vec4 1, 0, 1;
    %assign/vec4 v000001b6cc0f2bb0_0, 0;
    %delay 20000, 0;
    %vpi_call 2 31 "$finish" {0 0 0};
    %end;
    .thread T_2;
    .scope S_000001b6cc1260b0;
T_3 ;
    %vpi_call 2 36 "$monitor", "reset = %b, clk = %b, en = %b, d = %b || q = %b", v000001b6cbf6ba20_0, v000001b6cc0f2a70_0, v000001b6cc0f2bb0_0, v000001b6cc0f2b10_0, v000001b6cbf6b980_0 {0 0 0};
    %end;
    .thread T_3;
# The file index is used to find the file name in the following table.
:file_names 4;
    "N/A";
    "<interactive>";
    "register_tb.v";
    "register.v";
