#! /c/Source/iverilog-install/bin/vvp
:ivl_version "12.0 (devel)" "(s20150603-1539-g2693dd32b)";
:ivl_delay_selection "TYPICAL";
:vpi_time_precision - 12;
:vpi_module "C:\iverilog\lib\ivl\system.vpi";
:vpi_module "C:\iverilog\lib\ivl\vhdl_sys.vpi";
:vpi_module "C:\iverilog\lib\ivl\vhdl_textio.vpi";
:vpi_module "C:\iverilog\lib\ivl\v2005_math.vpi";
:vpi_module "C:\iverilog\lib\ivl\va_math.vpi";
S_0000014f7ce66030 .scope module, "counter_tb" "counter_tb" 2 3;
 .timescale -9 -12;
v0000014f7ce74de0_0 .var "clk", 0 0;
v0000014f7ce74e80_0 .net "q", 3 0, L_0000014f7ce74fc0;  1 drivers
v0000014f7ce74f20_0 .var "reset", 0 0;
S_0000014f7ce763f0 .scope module, "counter_circuit" "counter" 2 9, 3 1 0, S_0000014f7ce66030;
 .timescale 0 0;
    .port_info 0 /INPUT 1 "reset";
    .port_info 1 /INPUT 1 "clk";
    .port_info 2 /OUTPUT 4 "q";
L_0000014f7ce74fc0 .functor BUFZ 4, v0000014f7cf5bad0_0, C4<0000>, C4<0000>, C4<0000>;
L_0000014f7ceba028 .functor BUFT 1, C4<0001>, C4<0>, C4<0>, C4<0>;
v0000014f7ce43540_0 .net/2u *"_ivl_0", 3 0, L_0000014f7ceba028;  1 drivers
v0000014f7ce661c0_0 .net "clk", 0 0, v0000014f7ce74de0_0;  1 drivers
v0000014f7cf59210_0 .net "d_temp", 3 0, L_0000014f7ce76580;  1 drivers
v0000014f7cf5a9a0_0 .net "q", 3 0, L_0000014f7ce74fc0;  alias, 1 drivers
v0000014f7cf5bad0_0 .var "q_temp", 3 0;
v0000014f7cf5bb70_0 .net "reset", 0 0, v0000014f7ce74f20_0;  1 drivers
E_0000014f7cf5c3a0 .event posedge, v0000014f7ce661c0_0, v0000014f7cf5bb70_0;
L_0000014f7ce76580 .arith/sub 4, v0000014f7cf5bad0_0, L_0000014f7ceba028;
    .scope S_0000014f7ce763f0;
T_0 ;
    %wait E_0000014f7cf5c3a0;
    %load/vec4 v0000014f7cf5bb70_0;
    %flag_set/vec4 8;
    %jmp/0xz  T_0.0, 8;
    %pushi/vec4 0, 0, 4;
    %assign/vec4 v0000014f7cf5bad0_0, 0;
    %jmp T_0.1;
T_0.0 ;
    %load/vec4 v0000014f7cf59210_0;
    %assign/vec4 v0000014f7cf5bad0_0, 0;
T_0.1 ;
    %jmp T_0;
    .thread T_0;
    .scope S_0000014f7ce66030;
T_1 ;
    %load/vec4 v0000014f7ce74de0_0;
    %inv;
    %store/vec4 v0000014f7ce74de0_0, 0, 1;
    %delay 10000, 0;
    %jmp T_1;
    .thread T_1;
    .scope S_0000014f7ce66030;
T_2 ;
    %vpi_call 2 17 "$dumpfile", "counter.vcd" {0 0 0};
    %vpi_call 2 18 "$dumpvars", 32'sb00000000000000000000000000000000, S_0000014f7ce66030 {0 0 0};
    %pushi/vec4 0, 0, 1;
    %assign/vec4 v0000014f7ce74de0_0, 0;
    %pushi/vec4 1, 0, 1;
    %assign/vec4 v0000014f7ce74f20_0, 0;
    %delay 20000, 0;
    %pushi/vec4 0, 0, 1;
    %assign/vec4 v0000014f7ce74f20_0, 0;
    %delay 20000, 0;
    %delay 20000, 0;
    %delay 20000, 0;
    %delay 20000, 0;
    %vpi_call 2 27 "$finish" {0 0 0};
    %end;
    .thread T_2;
    .scope S_0000014f7ce66030;
T_3 ;
    %vpi_call 2 31 "$monitor", "clk=%b reset=%b q=%b", v0000014f7ce74de0_0, v0000014f7ce74f20_0, v0000014f7ce74e80_0 {0 0 0};
    %end;
    .thread T_3;
# The file index is used to find the file name in the following table.
:file_names 4;
    "N/A";
    "<interactive>";
    "counter_tb.v";
    "counter.v";
